<?xml version="1.0" encoding="UTF-8"?>
<!-- Generated by org.testng.reporters.JUnitXMLReporter -->
<testsuite ignored="7" hostname="DESKTOP-81VHF3A" failures="0" tests="1" name="Default test" time="8.235" errors="0" timestamp="17 May 2023 08:53:10 GMT">
  <testcase classname="tests.LoginTest" name="AttackXSS" time="2.463"/>
  <testcase classname="tests.LoginTest" name="EmailAutoTrimSpace" time="0.0">
    <ignored/>
  </testcase> <!-- EmailAutoTrimSpace -->
  <testcase classname="tests.LoginTest" name="IncorrectEmail" time="0.0">
    <ignored/>
  </testcase> <!-- IncorrectEmail -->
  <testcase classname="tests.LoginTest" name="PasswordNotAutoStrimSpace" time="0.0">
    <ignored/>
  </testcase> <!-- PasswordNotAutoStrimSpace -->
  <testcase classname="tests.LoginTest" name="IgnorePassword" time="0.0">
    <ignored/>
  </testcase> <!-- IgnorePassword -->
  <testcase classname="tests.LoginTest" name="IgnoreEmail" time="0.0">
    <ignored/>
  </testcase> <!-- IgnoreEmail -->
  <testcase classname="tests.LoginTest" name="SuccessLogin" time="0.0">
    <ignored/>
  </testcase> <!-- SuccessLogin -->
  <testcase classname="tests.LoginTest" name="IncorrectPassword" time="0.0">
    <ignored/>
  </testcase> <!-- IncorrectPassword -->
</testsuite> <!-- Default test -->
