<?xml version="1.0" encoding="UTF-8"?>
<testng-results ignored="7" total="8" passed="1" failed="0" skipped="0">
  <reporter-output>
  </reporter-output>
  <suite started-at="2023-05-17T08:53:02Z" name="Default suite" finished-at="2023-05-17T08:53:10Z" duration-ms="8235">
    <groups>
    </groups>
    <test started-at="2023-05-17T08:53:02Z" name="Default test" finished-at="2023-05-17T08:53:10Z" duration-ms="8235">
      <class name="tests.LoginTest">
        <test-method is-config="true" signature="launchApplication()[pri:0, instance:tests.LoginTest@60856961]" started-at="2023-05-17T08:53:02Z" name="launchApplication" finished-at="2023-05-17T08:53:07Z" duration-ms="5539" status="PASS">
          <reporter-output>
          </reporter-output>
        </test-method> <!-- launchApplication -->
        <test-method signature="AttackXSS(java.util.HashMap)[pri:4, instance:tests.LoginTest@60856961]" started-at="2023-05-17T08:53:07Z" name="AttackXSS" data-provider="getData" finished-at="2023-05-17T08:53:10Z" duration-ms="2463" status="PASS">
          <params>
            <param index="0">
              <value>
                <![CDATA[{password=12345678, email=<script>alert(hacked)</script>}]]>
              </value>
            </param>
          </params>
          <reporter-output>
          </reporter-output>
        </test-method> <!-- AttackXSS -->
      </class> <!-- tests.LoginTest -->
    </test> <!-- Default test -->
  </suite> <!-- Default suite -->
</testng-results>
